<?xml version="1.0" encoding="UTF-8"?>
<!-- Generated by org.testng.reporters.JUnitXMLReporter -->
<testsuite ignored="0" hostname="GAURANGA-PC" failures="0" tests="4" name="AddCustomerTest" time="1.984" errors="0" timestamp="2021-05-02T10:44:08 IST">
  <testcase classname="com.SeleniumLearn.testCases.AddCustomerTest" name="addCustomer" time="0.518"/>
  <testcase classname="com.SeleniumLearn.testCases.AddCustomerTest" name="addCustomer" time="0.466"/>
  <testcase classname="com.SeleniumLearn.testCases.AddCustomerTest" name="addCustomer" time="0.45"/>
  <testcase classname="com.SeleniumLearn.testCases.AddCustomerTest" name="addCustomer" time="0.514"/>
</testsuite> <!-- AddCustomerTest -->
