<?xml version="1.0" encoding="UTF-8"?>
<!-- Generated by org.testng.reporters.JUnitXMLReporter -->
<testsuite ignored="2" hostname="GAURANGA-PC" failures="0" tests="5" name="Test" time="7.753" errors="0" timestamp="2021-05-01T21:00:55 IST">
  <testcase classname="com.SeleniumLearn.testCases.BankManagerLoginTest" name="loginAsBankManager" time="5.294"/>
  <testcase classname="com.SeleniumLearn.testCases.AddCustomerTest" name="addCustomer" time="0.709"/>
  <testcase classname="com.SeleniumLearn.testCases.AddCustomerTest" name="addCustomer" time="0.534"/>
  <testcase classname="com.SeleniumLearn.testCases.AddCustomerTest" name="addCustomer" time="0.587"/>
  <testcase classname="com.SeleniumLearn.testCases.AddCustomerTest" name="addCustomer" time="0.52"/>
  <testcase classname="com.SeleniumLearn.base.TestBase" name="@AfterSuite tearDow" time="0.0">
    <ignored/>
  </testcase> <!-- @AfterSuite tearDow -->
  <testcase classname="com.SeleniumLearn.base.TestBase" name="@BeforeSuite setUP" time="0.0">
    <ignored/>
  </testcase> <!-- @BeforeSuite setUP -->
</testsuite> <!-- Test -->
