<?xml version="1.0" encoding="UTF-8"?>
<!-- Generated by org.testng.reporters.JUnitXMLReporter -->
<testsuite hostname="GAURANGA-PC" ignored="0" name="AddCustomerTest" tests="4" failures="0" timestamp="2021-05-13T10:44:58 IST" time="0.059" errors="0">
  <testcase name="@BeforeSuite setUP" time="0.027" classname="com.SeleniumLearn.base.TestBase">
    <failure type="java.lang.NullPointerException">
      <![CDATA[java.lang.NullPointerException
at com.SeleniumLearn.base.TestBase.setUP(TestBase.java:45)
... Removed 22 stack frames]]>
    </failure>
  </testcase> <!-- @BeforeSuite setUP -->
  <testcase name="addCustomerTest" time="0.003" classname="com.SeleniumLearn.testCases.AddCustomerTest">
    <skipped/>
  </testcase> <!-- addCustomerTest -->
  <testcase name="addCustomerTest" time="0.0" classname="com.SeleniumLearn.testCases.AddCustomerTest">
    <skipped/>
  </testcase> <!-- addCustomerTest -->
  <testcase name="addCustomerTest" time="0.0" classname="com.SeleniumLearn.testCases.AddCustomerTest">
    <skipped/>
  </testcase> <!-- addCustomerTest -->
  <testcase name="addCustomerTest" time="0.0" classname="com.SeleniumLearn.testCases.AddCustomerTest">
    <skipped/>
  </testcase> <!-- addCustomerTest -->
</testsuite> <!-- AddCustomerTest -->
