<?xml version="1.0" encoding="UTF-8"?>
<!-- Generated by org.testng.reporters.JUnitXMLReporter -->
<testsuite hostname="GAURANGA-PC" ignored="0" name="AddCustomerTest" tests="4" failures="0" timestamp="2021-05-10T15:49:02 IST" time="2.045" errors="0">
  <testcase name="addCustomerTest" time="0.669" classname="com.SeleniumLearn.testCases.AddCustomerTest"/>
  <testcase name="addCustomerTest" time="0.514" classname="com.SeleniumLearn.testCases.AddCustomerTest"/>
  <testcase name="addCustomerTest" time="0.423" classname="com.SeleniumLearn.testCases.AddCustomerTest"/>
  <testcase name="addCustomerTest" time="0.404" classname="com.SeleniumLearn.testCases.AddCustomerTest"/>
</testsuite> <!-- AddCustomerTest -->
