<?xml version="1.0" encoding="UTF-8"?>
<testsuite name="TestSuite" time="5.886" tests="5" errors="0" skipped="0" failures="0">
  <properties>
[...]
</properties>
  <testcase name="loginAsBankManager" classname="com.SeleniumLearn.testCases.BankManagerLoginTest" time="5.22"/>
  <testcase name="addCustomerTest" classname="com.SeleniumLearn.testCases.AddCustomerTest" time="0.666"/>
  <testcase name="addCustomerTest" classname="com.SeleniumLearn.testCases.AddCustomerTest" time="0.516"/>
  <testcase name="addCustomerTest" classname="com.SeleniumLearn.testCases.AddCustomerTest" time="0.42"/>
  <testcase name="addCustomerTest" classname="com.SeleniumLearn.testCases.AddCustomerTest" time="0.404"/>
</testsuite>