<?xml version="1.0" encoding="UTF-8"?>
<testng-results skipped="0" failed="0" ignored="0" total="5" passed="5">
  <reporter-output>
    <line>
      <![CDATA[test case start]]>
    </line>
    <line>
      <![CDATA[Login Successfully executed]]>
    </line>
    <line>
      <![CDATA[test case Passed]]>
    </line>
    <line>
      <![CDATA[<a href="D:\q.jpg">Screenshot</a>]]>
    </line>
    <line>
      <![CDATA[test case finish]]>
    </line>
    <line>
      <![CDATA[test case start]]>
    </line>
    <line>
      <![CDATA[test case Passed]]>
    </line>
    <line>
      <![CDATA[<a href="D:\q.jpg">Screenshot</a>]]>
    </line>
    <line>
      <![CDATA[test case start]]>
    </line>
    <line>
      <![CDATA[test case Passed]]>
    </line>
    <line>
      <![CDATA[<a href="D:\q.jpg">Screenshot</a>]]>
    </line>
    <line>
      <![CDATA[test case start]]>
    </line>
    <line>
      <![CDATA[test case Passed]]>
    </line>
    <line>
      <![CDATA[<a href="D:\q.jpg">Screenshot</a>]]>
    </line>
    <line>
      <![CDATA[test case start]]>
    </line>
    <line>
      <![CDATA[test case Passed]]>
    </line>
    <line>
      <![CDATA[<a href="D:\q.jpg">Screenshot</a>]]>
    </line>
  </reporter-output>
  <suite name="Suite" duration-ms="7913" started-at="2021-05-10T15:48:54 IST" finished-at="2021-05-10T15:49:02 IST">
    <groups>
    </groups>
    <test name="BankManagerLoginTest" duration-ms="5261" started-at="2021-05-10T15:48:54 IST" finished-at="2021-05-10T15:48:59 IST">
      <class name="com.SeleniumLearn.testCases.BankManagerLoginTest">
        <test-method status="PASS" signature="loginAsBankManager()[pri:0, instance:com.SeleniumLearn.testCases.BankManagerLoginTest@7671cb68]" name="loginAsBankManager" duration-ms="5214" started-at="2021-05-10T15:48:54 IST" finished-at="2021-05-10T15:48:59 IST">
          <reporter-output>
            <line>
              <![CDATA[test case start]]>
            </line>
            <line>
              <![CDATA[Login Successfully executed]]>
            </line>
            <line>
              <![CDATA[test case Passed]]>
            </line>
            <line>
              <![CDATA[<a href="D:\q.jpg">Screenshot</a>]]>
            </line>
          </reporter-output>
        </test-method> <!-- loginAsBankManager -->
      </class> <!-- com.SeleniumLearn.testCases.BankManagerLoginTest -->
    </test> <!-- BankManagerLoginTest -->
    <test name="AddCustomerTest" duration-ms="2045" started-at="2021-05-10T15:49:00 IST" finished-at="2021-05-10T15:49:02 IST">
      <class name="com.SeleniumLearn.testCases.AddCustomerTest">
        <test-method status="PASS" signature="setUP()[pri:0, instance:com.SeleniumLearn.testCases.AddCustomerTest@27ff5d15]" name="setUP" is-config="true" duration-ms="7156" started-at="2021-05-10T15:48:47 IST" finished-at="2021-05-10T15:48:54 IST">
          <reporter-output>
          </reporter-output>
        </test-method> <!-- setUP -->
        <test-method status="PASS" signature="addCustomerTest(java.lang.String,java.lang.String,java.lang.String,java.lang.String)[pri:0, instance:com.SeleniumLearn.testCases.AddCustomerTest@27ff5d15]" name="addCustomerTest" duration-ms="669" started-at="2021-05-10T15:49:00 IST" data-provider="dp" finished-at="2021-05-10T15:49:01 IST">
          <params>
            <param index="0">
              <value>
                <![CDATA[Raman]]>
              </value>
            </param>
            <param index="1">
              <value>
                <![CDATA[Arora]]>
              </value>
            </param>
            <param index="2">
              <value>
                <![CDATA[A234wd]]>
              </value>
            </param>
            <param index="3">
              <value>
                <![CDATA[Customer added successfully]]>
              </value>
            </param>
          </params>
          <reporter-output>
            <line>
              <![CDATA[test case start]]>
            </line>
            <line>
              <![CDATA[test case Passed]]>
            </line>
            <line>
              <![CDATA[<a href="D:\q.jpg">Screenshot</a>]]>
            </line>
          </reporter-output>
        </test-method> <!-- addCustomerTest -->
        <test-method status="PASS" signature="addCustomerTest(java.lang.String,java.lang.String,java.lang.String,java.lang.String)[pri:0, instance:com.SeleniumLearn.testCases.AddCustomerTest@27ff5d15]" name="addCustomerTest" duration-ms="514" started-at="2021-05-10T15:49:01 IST" data-provider="dp" finished-at="2021-05-10T15:49:01 IST">
          <params>
            <param index="0">
              <value>
                <![CDATA[Rahul]]>
              </value>
            </param>
            <param index="1">
              <value>
                <![CDATA[Arora]]>
              </value>
            </param>
            <param index="2">
              <value>
                <![CDATA[A234wd]]>
              </value>
            </param>
            <param index="3">
              <value>
                <![CDATA[Customer added successfully]]>
              </value>
            </param>
          </params>
          <reporter-output>
            <line>
              <![CDATA[test case start]]>
            </line>
            <line>
              <![CDATA[test case Passed]]>
            </line>
            <line>
              <![CDATA[<a href="D:\q.jpg">Screenshot</a>]]>
            </line>
          </reporter-output>
        </test-method> <!-- addCustomerTest -->
        <test-method status="PASS" signature="addCustomerTest(java.lang.String,java.lang.String,java.lang.String,java.lang.String)[pri:0, instance:com.SeleniumLearn.testCases.AddCustomerTest@27ff5d15]" name="addCustomerTest" duration-ms="423" started-at="2021-05-10T15:49:01 IST" data-provider="dp" finished-at="2021-05-10T15:49:02 IST">
          <params>
            <param index="0">
              <value>
                <![CDATA[Ishita]]>
              </value>
            </param>
            <param index="1">
              <value>
                <![CDATA[Arora]]>
              </value>
            </param>
            <param index="2">
              <value>
                <![CDATA[A234wd]]>
              </value>
            </param>
            <param index="3">
              <value>
                <![CDATA[Customer added successfully]]>
              </value>
            </param>
          </params>
          <reporter-output>
            <line>
              <![CDATA[test case start]]>
            </line>
            <line>
              <![CDATA[test case Passed]]>
            </line>
            <line>
              <![CDATA[<a href="D:\q.jpg">Screenshot</a>]]>
            </line>
          </reporter-output>
        </test-method> <!-- addCustomerTest -->
        <test-method status="PASS" signature="addCustomerTest(java.lang.String,java.lang.String,java.lang.String,java.lang.String)[pri:0, instance:com.SeleniumLearn.testCases.AddCustomerTest@27ff5d15]" name="addCustomerTest" duration-ms="404" started-at="2021-05-10T15:49:02 IST" data-provider="dp" finished-at="2021-05-10T15:49:02 IST">
          <params>
            <param index="0">
              <value>
                <![CDATA[Rohit]]>
              </value>
            </param>
            <param index="1">
              <value>
                <![CDATA[Sehgal]]>
              </value>
            </param>
            <param index="2">
              <value>
                <![CDATA[A234wd]]>
              </value>
            </param>
            <param index="3">
              <value>
                <![CDATA[Customer added successfully]]>
              </value>
            </param>
          </params>
          <reporter-output>
            <line>
              <![CDATA[test case start]]>
            </line>
            <line>
              <![CDATA[test case Passed]]>
            </line>
            <line>
              <![CDATA[<a href="D:\q.jpg">Screenshot</a>]]>
            </line>
          </reporter-output>
        </test-method> <!-- addCustomerTest -->
        <test-method status="PASS" signature="tearDow()[pri:0, instance:com.SeleniumLearn.testCases.AddCustomerTest@27ff5d15]" name="tearDow" is-config="true" duration-ms="755" started-at="2021-05-10T15:49:05 IST" finished-at="2021-05-10T15:49:05 IST">
          <reporter-output>
          </reporter-output>
        </test-method> <!-- tearDow -->
      </class> <!-- com.SeleniumLearn.testCases.AddCustomerTest -->
    </test> <!-- AddCustomerTest -->
  </suite> <!-- Suite -->
</testng-results>
