<?xml version="1.0" encoding="UTF-8"?>
<testsuite name="AddCustomerTest"
           tests="4"
           failures="0"
           errors="0"
           skipped="0"
           time="1.948">
  <properties />
  
  
            <testcase name="addCustomer" time="0.466" classname="com.SeleniumLearn.testCases.AddCustomerTest" />
                <testcase name="addCustomer" time="0.450" classname="com.SeleniumLearn.testCases.AddCustomerTest" />
                <testcase name="addCustomer" time="0.518" classname="com.SeleniumLearn.testCases.AddCustomerTest" />
                <testcase name="addCustomer" time="0.514" classname="com.SeleniumLearn.testCases.AddCustomerTest" />
      
</testsuite>
