<?xml version="1.0" encoding="UTF-8"?>
<testsuite name="AddCustomerTest"
           tests="6"
           failures="1"
           errors="0"
           skipped="5"
           time="-1620882898.306">
  <properties />
            <testcase name="setUP" time="0.027" classname="com.SeleniumLearn.testCases.AddCustomerTest">
                <failure type="java.lang.NullPointerException"
                  message="(null)"
              >
<![CDATA[java.lang.NullPointerException
  com.SeleniumLearn.base.TestBase.setUP(TestBase.java:45)
  sun.reflect.NativeMethodAccessorImpl.invoke0(Native Method)
  sun.reflect.NativeMethodAccessorImpl.invoke(NativeMethodAccessorImpl.java:62)
  sun.reflect.DelegatingMethodAccessorImpl.invoke(DelegatingMethodAccessorImpl.java:43)
  java.lang.reflect.Method.invoke(Method.java:498)
  org.testng.internal.MethodInvocationHelper.invokeMethod(MethodInvocationHelper.java:133)
  org.testng.internal.MethodInvocationHelper.invokeMethodConsideringTimeout(MethodInvocationHelper.java:62)
  org.testng.internal.ConfigInvoker.invokeConfigurationMethod(ConfigInvoker.java:385)
  org.testng.internal.ConfigInvoker.invokeConfigurations(ConfigInvoker.java:321)
  org.testng.SuiteRunner.privateRun(SuiteRunner.java:317)
  org.testng.SuiteRunner.run(SuiteRunner.java:276)
  org.testng.SuiteRunnerWorker.runSuite(SuiteRunnerWorker.java:53)
  org.testng.SuiteRunnerWorker.run(SuiteRunnerWorker.java:96)
  org.testng.TestNG.runSuitesSequentially(TestNG.java:1212)
  org.testng.TestNG.runSuitesLocally(TestNG.java:1134)
  org.testng.TestNG.runSuites(TestNG.java:1063)
  org.testng.TestNG.run(TestNG.java:1031)
  org.apache.maven.surefire.testng.TestNGExecutor.run(TestNGExecutor.java:295)
  org.apache.maven.surefire.testng.TestNGXmlTestSuite.execute(TestNGXmlTestSuite.java:84)
  org.apache.maven.surefire.testng.TestNGProvider.invoke(TestNGProvider.java:90)
  org.apache.maven.surefire.booter.ForkedBooter.invokeProviderInSameClassLoader(ForkedBooter.java:203)
  org.apache.maven.surefire.booter.ForkedBooter.runSuitesInProcess(ForkedBooter.java:155)
  org.apache.maven.surefire.booter.ForkedBooter.main(ForkedBooter.java:103)
]]>
      </failure>

          </testcase>
  
            <testcase name="tearDow" time="0.0" classname="com.SeleniumLearn.testCases.AddCustomerTest">
          <skipped />
    </testcase>
            <testcase name="addCustomerTest" time="0.0" classname="com.SeleniumLearn.testCases.AddCustomerTest">
          <skipped />
    </testcase>
            <testcase name="addCustomerTest" time="0.0" classname="com.SeleniumLearn.testCases.AddCustomerTest">
          <skipped />
    </testcase>
            <testcase name="addCustomerTest" time="0.0" classname="com.SeleniumLearn.testCases.AddCustomerTest">
          <skipped />
    </testcase>
            <testcase name="addCustomerTest" time="0.0" classname="com.SeleniumLearn.testCases.AddCustomerTest">
          <skipped />
    </testcase>
  
  
</testsuite>
